0 verbose cli C:\Program Files\nodejs\node.exe C:\Users\filip\AppData\Roaming\npm\node_modules\npm\bin\npm-cli.js
1 info using npm@11.7.0
2 info using node@v24.13.0
3 silly config load:file:C:\Users\filip\AppData\Roaming\npm\node_modules\npm\npmrc
4 silly config load:file:C:\Users\filip\.npmrc
5 silly config load:file:C:\Users\filip\AppData\Roaming\npm\etc\npmrc
6 verbose title npm exec create-next-app@latest . --ts --tailwind --eslint --app --src-dir --import-alias @/* --use-npm --force
7 verbose argv "exec" "--" "create-next-app@latest" "." "--ts" "--tailwind" "--eslint" "--app" "--src-dir" "--import-alias" "@/*" "--use-npm" "--force"
8 verbose logfile logs-max:10 dir:C:\Users\filip\onedrive\quemvotar\.npm-cache\_logs\2026-02-20T19_49_44_936Z-
9 verbose logfile C:\Users\filip\onedrive\quemvotar\.npm-cache\_logs\2026-02-20T19_49_44_936Z-debug-0.log
10 silly logfile done cleaning log files
11 silly packumentCache heap:4496293888 maxSize:1124073472 maxEntrySize:562036736
12 verbose shrinkwrap failed to load node_modules/.package-lock.json out of date, updated: node_modules
13 http fetch GET https://registry.npmjs.org/npm attempt 1 failed with EACCES
14 http fetch GET https://registry.npmjs.org/create-next-app attempt 1 failed with EACCES
15 http fetch GET https://registry.npmjs.org/npm attempt 2 failed with EACCES
16 http fetch GET https://registry.npmjs.org/create-next-app attempt 2 failed with EACCES
17 http fetch GET https://registry.npmjs.org/npm attempt 3 failed with EACCES
18 http fetch GET https://registry.npmjs.org/create-next-app attempt 3 failed with EACCES
19 verbose type system
20 verbose stack FetchError: request to https://registry.npmjs.org/create-next-app failed, reason: 
20 verbose stack     at ClientRequest.<anonymous> (C:\Users\filip\AppData\Roaming\npm\node_modules\npm\node_modules\minipass-fetch\lib\index.js:130:14)
20 verbose stack     at ClientRequest.emit (node:events:508:28)
20 verbose stack     at emitErrorEvent (node:_http_client:108:11)
20 verbose stack     at _destroy (node:_http_client:962:9)
20 verbose stack     at onSocketNT (node:_http_client:982:5)
20 verbose stack     at process.processTicksAndRejections (node:internal/process/task_queues:90:21)
21 error code EACCES
22 error errno EACCES
23 error FetchError: request to https://registry.npmjs.org/create-next-app failed, reason: 
23 error     at ClientRequest.<anonymous> (C:\Users\filip\AppData\Roaming\npm\node_modules\npm\node_modules\minipass-fetch\lib\index.js:130:14)
23 error     at ClientRequest.emit (node:events:508:28)
23 error     at emitErrorEvent (node:_http_client:108:11)
23 error     at _destroy (node:_http_client:962:9)
23 error     at onSocketNT (node:_http_client:982:5)
23 error     at process.processTicksAndRejections (node:internal/process/task_queues:90:21) {
23 error   code: 'EACCES',
23 error   errno: 'EACCES',
23 error   type: 'system'
23 error }
24 error
24 error The operation was rejected by your operating system.
24 error It's possible that the file was already in use (by a text editor or antivirus),
24 error or that you lack permissions to access it.
24 error
24 error If you believe this might be a permissions issue, please double-check the
24 error permissions of the file and its containing directories, or try running
24 error the command again as root/Administrator.
25 verbose cwd C:\Users\filip\onedrive\quemvotar
26 verbose os Windows_NT 10.0.26200
27 verbose node v24.13.0
28 verbose npm  v11.7.0
29 verbose exit 1
30 verbose code 1
31 error A complete log of this run can be found in: C:\Users\filip\onedrive\quemvotar\.npm-cache\_logs\2026-02-20T19_49_44_936Z-debug-0.log
